The system is: Darwin - 11.4.0 - i386
Compiling the C compiler identification source file "CMakeCCompilerId.c" succeeded.
Compiler: /usr/bin/clang 
Build flags: 
Id flags: 

The output was:
0


Compilation of the C compiler identification source "CMakeCCompilerId.c" produced "a.out"

The C compiler identification is Clang, found in "/Users/fish/Documents/__presort__/libsiftfast-1.2-src/CMakeFiles/CompilerIdC/a.out"

Compiling the CXX compiler identification source file "CMakeCXXCompilerId.cpp" succeeded.
Compiler: /usr/bin/clang++ 
Build flags: 
Id flags: 

The output was:
0


Compilation of the CXX compiler identification source "CMakeCXXCompilerId.cpp" produced "a.out"

The CXX compiler identification is Clang, found in "/Users/fish/Documents/__presort__/libsiftfast-1.2-src/CMakeFiles/CompilerIdCXX/a.out"

Determining if the C compiler works passed with the following output:
Change Dir: /Users/fish/Documents/__presort__/libsiftfast-1.2-src/CMakeFiles/CMakeTmp

Run Build Command:/usr/bin/make "cmTryCompileExec485561277/fast"
/usr/bin/make -f CMakeFiles/cmTryCompileExec485561277.dir/build.make CMakeFiles/cmTryCompileExec485561277.dir/build
/usr/local/Cellar/cmake/2.8.8/bin/cmake -E cmake_progress_report /Users/fish/Documents/__presort__/libsiftfast-1.2-src/CMakeFiles/CMakeTmp/CMakeFiles 1
Building C object CMakeFiles/cmTryCompileExec485561277.dir/testCCompiler.c.o
/usr/bin/clang    -o CMakeFiles/cmTryCompileExec485561277.dir/testCCompiler.c.o   -c /Users/fish/Documents/__presort__/libsiftfast-1.2-src/CMakeFiles/CMakeTmp/testCCompiler.c
Linking C executable cmTryCompileExec485561277
/usr/local/Cellar/cmake/2.8.8/bin/cmake -E cmake_link_script CMakeFiles/cmTryCompileExec485561277.dir/link.txt --verbose=1
/usr/bin/clang      -Wl,-search_paths_first -Wl,-headerpad_max_install_names   CMakeFiles/cmTryCompileExec485561277.dir/testCCompiler.c.o  -o cmTryCompileExec485561277  


Detecting C compiler ABI info compiled with the following output:
Change Dir: /Users/fish/Documents/__presort__/libsiftfast-1.2-src/CMakeFiles/CMakeTmp

Run Build Command:/usr/bin/make "cmTryCompileExec1126768636/fast"
/usr/bin/make -f CMakeFiles/cmTryCompileExec1126768636.dir/build.make CMakeFiles/cmTryCompileExec1126768636.dir/build
/usr/local/Cellar/cmake/2.8.8/bin/cmake -E cmake_progress_report /Users/fish/Documents/__presort__/libsiftfast-1.2-src/CMakeFiles/CMakeTmp/CMakeFiles 1
Building C object CMakeFiles/cmTryCompileExec1126768636.dir/CMakeCCompilerABI.c.o
/usr/bin/clang    -o CMakeFiles/cmTryCompileExec1126768636.dir/CMakeCCompilerABI.c.o   -c /usr/local/Cellar/cmake/2.8.8/share/cmake/Modules/CMakeCCompilerABI.c
Linking C executable cmTryCompileExec1126768636
/usr/local/Cellar/cmake/2.8.8/bin/cmake -E cmake_link_script CMakeFiles/cmTryCompileExec1126768636.dir/link.txt --verbose=1
/usr/bin/clang      -Wl,-search_paths_first -Wl,-headerpad_max_install_names -v CMakeFiles/cmTryCompileExec1126768636.dir/CMakeCCompilerABI.c.o  -o cmTryCompileExec1126768636   
Apple clang version 3.1 (tags/Apple/clang-318.0.61) (based on LLVM 3.1svn)
Target: x86_64-apple-darwin11.4.0
Thread model: posix
 "/usr/bin/ld" -demangle -dynamic -arch x86_64 -macosx_version_min 10.7.4 -o cmTryCompileExec1126768636 -lcrt1.10.6.o -search_paths_first -headerpad_max_install_names CMakeFiles/cmTryCompileExec1126768636.dir/CMakeCCompilerABI.c.o -lSystem /usr/bin/../lib/clang/3.1/lib/darwin/libclang_rt.osx.a


Parsed C implicit link information from above output:
  link line regex: [^( *|.*[/\])(ld|ld|collect2)[^/\]*( |$)]
  ignore line: [Change Dir: /Users/fish/Documents/__presort__/libsiftfast-1.2-src/CMakeFiles/CMakeTmp]
  ignore line: []
  ignore line: [Run Build Command:/usr/bin/make "cmTryCompileExec1126768636/fast"]
  ignore line: [/usr/bin/make -f CMakeFiles/cmTryCompileExec1126768636.dir/build.make CMakeFiles/cmTryCompileExec1126768636.dir/build]
  ignore line: [/usr/local/Cellar/cmake/2.8.8/bin/cmake -E cmake_progress_report /Users/fish/Documents/__presort__/libsiftfast-1.2-src/CMakeFiles/CMakeTmp/CMakeFiles 1]
  ignore line: [Building C object CMakeFiles/cmTryCompileExec1126768636.dir/CMakeCCompilerABI.c.o]
  ignore line: [/usr/bin/clang    -o CMakeFiles/cmTryCompileExec1126768636.dir/CMakeCCompilerABI.c.o   -c /usr/local/Cellar/cmake/2.8.8/share/cmake/Modules/CMakeCCompilerABI.c]
  ignore line: [Linking C executable cmTryCompileExec1126768636]
  ignore line: [/usr/local/Cellar/cmake/2.8.8/bin/cmake -E cmake_link_script CMakeFiles/cmTryCompileExec1126768636.dir/link.txt --verbose=1]
  ignore line: [/usr/bin/clang      -Wl,-search_paths_first -Wl,-headerpad_max_install_names -v CMakeFiles/cmTryCompileExec1126768636.dir/CMakeCCompilerABI.c.o  -o cmTryCompileExec1126768636   ]
  ignore line: [Apple clang version 3.1 (tags/Apple/clang-318.0.61) (based on LLVM 3.1svn)]
  ignore line: [Target: x86_64-apple-darwin11.4.0]
  ignore line: [Thread model: posix]
  link line: [ "/usr/bin/ld" -demangle -dynamic -arch x86_64 -macosx_version_min 10.7.4 -o cmTryCompileExec1126768636 -lcrt1.10.6.o -search_paths_first -headerpad_max_install_names CMakeFiles/cmTryCompileExec1126768636.dir/CMakeCCompilerABI.c.o -lSystem /usr/bin/../lib/clang/3.1/lib/darwin/libclang_rt.osx.a]
    arg [/usr/bin/ld] ==> ignore
    arg [-demangle] ==> ignore
    arg [-dynamic] ==> ignore
    arg [-arch] ==> ignore
    arg [x86_64] ==> ignore
    arg [-macosx_version_min] ==> ignore
    arg [10.7.4] ==> ignore
    arg [-o] ==> ignore
    arg [cmTryCompileExec1126768636] ==> ignore
    arg [-lcrt1.10.6.o] ==> lib [crt1.10.6.o]
    arg [-search_paths_first] ==> ignore
    arg [-headerpad_max_install_names] ==> ignore
    arg [CMakeFiles/cmTryCompileExec1126768636.dir/CMakeCCompilerABI.c.o] ==> ignore
    arg [-lSystem] ==> lib [System]
    arg [/usr/bin/../lib/clang/3.1/lib/darwin/libclang_rt.osx.a] ==> lib [/usr/bin/../lib/clang/3.1/lib/darwin/libclang_rt.osx.a]
  remove lib [crt1.10.6.o]
  remove lib [System]
  implicit libs: [/usr/bin/../lib/clang/3.1/lib/darwin/libclang_rt.osx.a]
  implicit dirs: []


Determining if the CXX compiler works passed with the following output:
Change Dir: /Users/fish/Documents/__presort__/libsiftfast-1.2-src/CMakeFiles/CMakeTmp

Run Build Command:/usr/bin/make "cmTryCompileExec2386950654/fast"
/usr/bin/make -f CMakeFiles/cmTryCompileExec2386950654.dir/build.make CMakeFiles/cmTryCompileExec2386950654.dir/build
/usr/local/Cellar/cmake/2.8.8/bin/cmake -E cmake_progress_report /Users/fish/Documents/__presort__/libsiftfast-1.2-src/CMakeFiles/CMakeTmp/CMakeFiles 1
Building CXX object CMakeFiles/cmTryCompileExec2386950654.dir/testCXXCompiler.cxx.o
/usr/bin/clang++     -o CMakeFiles/cmTryCompileExec2386950654.dir/testCXXCompiler.cxx.o -c /Users/fish/Documents/__presort__/libsiftfast-1.2-src/CMakeFiles/CMakeTmp/testCXXCompiler.cxx
Linking CXX executable cmTryCompileExec2386950654
/usr/local/Cellar/cmake/2.8.8/bin/cmake -E cmake_link_script CMakeFiles/cmTryCompileExec2386950654.dir/link.txt --verbose=1
/usr/bin/clang++       -Wl,-search_paths_first -Wl,-headerpad_max_install_names   CMakeFiles/cmTryCompileExec2386950654.dir/testCXXCompiler.cxx.o  -o cmTryCompileExec2386950654  


Detecting CXX compiler ABI info compiled with the following output:
Change Dir: /Users/fish/Documents/__presort__/libsiftfast-1.2-src/CMakeFiles/CMakeTmp

Run Build Command:/usr/bin/make "cmTryCompileExec1449303770/fast"
/usr/bin/make -f CMakeFiles/cmTryCompileExec1449303770.dir/build.make CMakeFiles/cmTryCompileExec1449303770.dir/build
/usr/local/Cellar/cmake/2.8.8/bin/cmake -E cmake_progress_report /Users/fish/Documents/__presort__/libsiftfast-1.2-src/CMakeFiles/CMakeTmp/CMakeFiles 1
Building CXX object CMakeFiles/cmTryCompileExec1449303770.dir/CMakeCXXCompilerABI.cpp.o
/usr/bin/clang++     -o CMakeFiles/cmTryCompileExec1449303770.dir/CMakeCXXCompilerABI.cpp.o -c /usr/local/Cellar/cmake/2.8.8/share/cmake/Modules/CMakeCXXCompilerABI.cpp
Linking CXX executable cmTryCompileExec1449303770
/usr/local/Cellar/cmake/2.8.8/bin/cmake -E cmake_link_script CMakeFiles/cmTryCompileExec1449303770.dir/link.txt --verbose=1
/usr/bin/clang++       -Wl,-search_paths_first -Wl,-headerpad_max_install_names -v CMakeFiles/cmTryCompileExec1449303770.dir/CMakeCXXCompilerABI.cpp.o  -o cmTryCompileExec1449303770   
Apple clang version 3.1 (tags/Apple/clang-318.0.61) (based on LLVM 3.1svn)
Target: x86_64-apple-darwin11.4.0
Thread model: posix
 "/usr/bin/ld" -demangle -dynamic -arch x86_64 -macosx_version_min 10.7.4 -o cmTryCompileExec1449303770 -lcrt1.10.6.o -search_paths_first -headerpad_max_install_names CMakeFiles/cmTryCompileExec1449303770.dir/CMakeCXXCompilerABI.cpp.o -lstdc++ -lSystem /usr/bin/../lib/clang/3.1/lib/darwin/libclang_rt.osx.a


Parsed CXX implicit link information from above output:
  link line regex: [^( *|.*[/\])(ld|ld|collect2)[^/\]*( |$)]
  ignore line: [Change Dir: /Users/fish/Documents/__presort__/libsiftfast-1.2-src/CMakeFiles/CMakeTmp]
  ignore line: []
  ignore line: [Run Build Command:/usr/bin/make "cmTryCompileExec1449303770/fast"]
  ignore line: [/usr/bin/make -f CMakeFiles/cmTryCompileExec1449303770.dir/build.make CMakeFiles/cmTryCompileExec1449303770.dir/build]
  ignore line: [/usr/local/Cellar/cmake/2.8.8/bin/cmake -E cmake_progress_report /Users/fish/Documents/__presort__/libsiftfast-1.2-src/CMakeFiles/CMakeTmp/CMakeFiles 1]
  ignore line: [Building CXX object CMakeFiles/cmTryCompileExec1449303770.dir/CMakeCXXCompilerABI.cpp.o]
  ignore line: [/usr/bin/clang++     -o CMakeFiles/cmTryCompileExec1449303770.dir/CMakeCXXCompilerABI.cpp.o -c /usr/local/Cellar/cmake/2.8.8/share/cmake/Modules/CMakeCXXCompilerABI.cpp]
  ignore line: [Linking CXX executable cmTryCompileExec1449303770]
  ignore line: [/usr/local/Cellar/cmake/2.8.8/bin/cmake -E cmake_link_script CMakeFiles/cmTryCompileExec1449303770.dir/link.txt --verbose=1]
  ignore line: [/usr/bin/clang++       -Wl,-search_paths_first -Wl,-headerpad_max_install_names -v CMakeFiles/cmTryCompileExec1449303770.dir/CMakeCXXCompilerABI.cpp.o  -o cmTryCompileExec1449303770   ]
  ignore line: [Apple clang version 3.1 (tags/Apple/clang-318.0.61) (based on LLVM 3.1svn)]
  ignore line: [Target: x86_64-apple-darwin11.4.0]
  ignore line: [Thread model: posix]
  link line: [ "/usr/bin/ld" -demangle -dynamic -arch x86_64 -macosx_version_min 10.7.4 -o cmTryCompileExec1449303770 -lcrt1.10.6.o -search_paths_first -headerpad_max_install_names CMakeFiles/cmTryCompileExec1449303770.dir/CMakeCXXCompilerABI.cpp.o -lstdc++ -lSystem /usr/bin/../lib/clang/3.1/lib/darwin/libclang_rt.osx.a]
    arg [/usr/bin/ld] ==> ignore
    arg [-demangle] ==> ignore
    arg [-dynamic] ==> ignore
    arg [-arch] ==> ignore
    arg [x86_64] ==> ignore
    arg [-macosx_version_min] ==> ignore
    arg [10.7.4] ==> ignore
    arg [-o] ==> ignore
    arg [cmTryCompileExec1449303770] ==> ignore
    arg [-lcrt1.10.6.o] ==> lib [crt1.10.6.o]
    arg [-search_paths_first] ==> ignore
    arg [-headerpad_max_install_names] ==> ignore
    arg [CMakeFiles/cmTryCompileExec1449303770.dir/CMakeCXXCompilerABI.cpp.o] ==> ignore
    arg [-lstdc++] ==> lib [stdc++]
    arg [-lSystem] ==> lib [System]
    arg [/usr/bin/../lib/clang/3.1/lib/darwin/libclang_rt.osx.a] ==> lib [/usr/bin/../lib/clang/3.1/lib/darwin/libclang_rt.osx.a]
  remove lib [crt1.10.6.o]
  remove lib [System]
  implicit libs: [stdc++;/usr/bin/../lib/clang/3.1/lib/darwin/libclang_rt.osx.a]
  implicit dirs: []


Performing C++ SOURCE FILE Test HAVE_ALL_PYTHON_HEADERS succeded with the following output:
Change Dir: /Users/fish/Documents/__presort__/libsiftfast-1.2-src/CMakeFiles/CMakeTmp

Run Build Command:/usr/bin/make "cmTryCompileExec787656223/fast"
/usr/bin/make -f CMakeFiles/cmTryCompileExec787656223.dir/build.make CMakeFiles/cmTryCompileExec787656223.dir/build
/usr/local/Cellar/cmake/2.8.8/bin/cmake -E cmake_progress_report /Users/fish/Documents/__presort__/libsiftfast-1.2-src/CMakeFiles/CMakeTmp/CMakeFiles 1
Building CXX object CMakeFiles/cmTryCompileExec787656223.dir/src.cxx.o
/usr/bin/clang++    -DHAVE_ALL_PYTHON_HEADERS -I/System/Library/Frameworks/Python.framework/Headers -I/usr/local/Cellar/python/2.7.3/lib/python2.7/site-packages/numpy/core/include -I/usr/local/include    -o CMakeFiles/cmTryCompileExec787656223.dir/src.cxx.o -c /Users/fish/Documents/__presort__/libsiftfast-1.2-src/CMakeFiles/CMakeTmp/src.cxx
Linking CXX executable cmTryCompileExec787656223
/usr/local/Cellar/cmake/2.8.8/bin/cmake -E cmake_link_script CMakeFiles/cmTryCompileExec787656223.dir/link.txt --verbose=1
/usr/bin/clang++      -DHAVE_ALL_PYTHON_HEADERS -Wl,-search_paths_first -Wl,-headerpad_max_install_names   CMakeFiles/cmTryCompileExec787656223.dir/src.cxx.o  -o cmTryCompileExec787656223  /usr/local/lib/libpython2.7.dylib /usr/local/lib/libboost_python-mt.dylib 

Return value: 1
Source file was:

    #include <Python.h>
    #include <boost/thread/thread.hpp>
    #include <boost/thread/mutex.hpp>
    #include <boost/thread/condition.hpp>
    #include <boost/shared_ptr.hpp>
    #define PY_ARRAY_UNIQUE_SYMBOL PyArrayHandle
    #include <boost/python.hpp>
    #include <pyconfig.h>
    #include <numpy/arrayobject.h>
    int main()
    {
      return 0;
    }
